Jan 05, 2026 1:27:43 PM ai.glog.execute.workers.TriageAndRemediationCallableWorker call
SEVERE: No enum constant ai.glog.plugins.bandit.plugin.BugEnum.resources.rules.python.python-dynamic-execution-eval
java.lang.IllegalArgumentException: No enum constant ai.glog.plugins.bandit.plugin.BugEnum.resources.rules.python.python-dynamic-execution-eval
	at java.base/java.lang.Enum.valueOf(Enum.java:274)
	at ai.glog.plugins.bandit.plugin.BugEnum.valueOf(BugEnum.java:6)
	at ai.glog.execute.workers.TriageAndRemediationCallableWorker.getResolver(TriageAndRemediationCallableWorker.java:97)
	at ai.glog.execute.workers.TriageAndRemediationCallableWorker.call(TriageAndRemediationCallableWorker.java:62)
	at ai.glog.execute.workers.TriageAndRemediationCallableWorker.call(TriageAndRemediationCallableWorker.java:32)
	at java.base/java.util.concurrent.FutureTask.run(FutureTask.java:317)
	at java.base/java.util.concurrent.ThreadPoolExecutor.runWorker(ThreadPoolExecutor.java:1144)
	at java.base/java.util.concurrent.ThreadPoolExecutor$Worker.run(ThreadPoolExecutor.java:642)
	at java.base/java.lang.Thread.run(Thread.java:1623)

Jan 05, 2026 1:27:43 PM ai.glog.execute.workers.TriageAndRemediationCallableWorker call
SEVERE: No enum constant ai.glog.plugins.bandit.plugin.BugEnum.resources.rules.python.sqlalchemy-execute-raw-query
java.lang.IllegalArgumentException: No enum constant ai.glog.plugins.bandit.plugin.BugEnum.resources.rules.python.sqlalchemy-execute-raw-query
	at java.base/java.lang.Enum.valueOf(Enum.java:274)
	at ai.glog.plugins.bandit.plugin.BugEnum.valueOf(BugEnum.java:6)
	at ai.glog.execute.workers.TriageAndRemediationCallableWorker.getResolver(TriageAndRemediationCallableWorker.java:97)
	at ai.glog.execute.workers.TriageAndRemediationCallableWorker.call(TriageAndRemediationCallableWorker.java:62)
	at ai.glog.execute.workers.TriageAndRemediationCallableWorker.call(TriageAndRemediationCallableWorker.java:32)
	at java.base/java.util.concurrent.FutureTask.run(FutureTask.java:317)
	at java.base/java.util.concurrent.ThreadPoolExecutor.runWorker(ThreadPoolExecutor.java:1144)
	at java.base/java.util.concurrent.ThreadPoolExecutor$Worker.run(ThreadPoolExecutor.java:642)
	at java.base/java.lang.Thread.run(Thread.java:1623)

Jan 05, 2026 1:27:43 PM ai.glog.execute.workers.TriageAndRemediationCallableWorker call
SEVERE: No enum constant ai.glog.plugins.bandit.plugin.BugEnum.resources.rules.python.insecure-eval-use
java.lang.IllegalArgumentException: No enum constant ai.glog.plugins.bandit.plugin.BugEnum.resources.rules.python.insecure-eval-use
	at java.base/java.lang.Enum.valueOf(Enum.java:274)
	at ai.glog.plugins.bandit.plugin.BugEnum.valueOf(BugEnum.java:6)
	at ai.glog.execute.workers.TriageAndRemediationCallableWorker.getResolver(TriageAndRemediationCallableWorker.java:97)
	at ai.glog.execute.workers.TriageAndRemediationCallableWorker.call(TriageAndRemediationCallableWorker.java:62)
	at ai.glog.execute.workers.TriageAndRemediationCallableWorker.call(TriageAndRemediationCallableWorker.java:32)
	at java.base/java.util.concurrent.FutureTask.run(FutureTask.java:317)
	at java.base/java.util.concurrent.ThreadPoolExecutor.runWorker(ThreadPoolExecutor.java:1144)
	at java.base/java.util.concurrent.ThreadPoolExecutor$Worker.run(ThreadPoolExecutor.java:642)
	at java.base/java.lang.Thread.run(Thread.java:1623)

Jan 05, 2026 1:27:43 PM ai.glog.execute.workers.TriageAndRemediationCallableWorker call
SEVERE: No enum constant ai.glog.plugins.bandit.plugin.BugEnum.python.lang.security.audit.eval-detected.eval-detected
java.lang.IllegalArgumentException: No enum constant ai.glog.plugins.bandit.plugin.BugEnum.python.lang.security.audit.eval-detected.eval-detected
	at java.base/java.lang.Enum.valueOf(Enum.java:274)
	at ai.glog.plugins.bandit.plugin.BugEnum.valueOf(BugEnum.java:6)
	at ai.glog.execute.workers.TriageAndRemediationCallableWorker.getResolver(TriageAndRemediationCallableWorker.java:97)
	at ai.glog.execute.workers.TriageAndRemediationCallableWorker.call(TriageAndRemediationCallableWorker.java:62)
	at ai.glog.execute.workers.TriageAndRemediationCallableWorker.call(TriageAndRemediationCallableWorker.java:32)
	at java.base/java.util.concurrent.FutureTask.run(FutureTask.java:317)
	at java.base/java.util.concurrent.ThreadPoolExecutor.runWorker(ThreadPoolExecutor.java:1144)
	at java.base/java.util.concurrent.ThreadPoolExecutor$Worker.run(ThreadPoolExecutor.java:642)
	at java.base/java.lang.Thread.run(Thread.java:1623)

Jan 05, 2026 1:27:43 PM ai.glog.execute.workers.TriageAndRemediationCallableWorker call
SEVERE: No enum constant ai.glog.plugins.bandit.plugin.BugEnum.python.lang.security.audit.formatted-sql-query.formatted-sql-query
java.lang.IllegalArgumentException: No enum constant ai.glog.plugins.bandit.plugin.BugEnum.python.lang.security.audit.formatted-sql-query.formatted-sql-query
	at java.base/java.lang.Enum.valueOf(Enum.java:274)
	at ai.glog.plugins.bandit.plugin.BugEnum.valueOf(BugEnum.java:6)
	at ai.glog.execute.workers.TriageAndRemediationCallableWorker.getResolver(TriageAndRemediationCallableWorker.java:97)
	at ai.glog.execute.workers.TriageAndRemediationCallableWorker.call(TriageAndRemediationCallableWorker.java:62)
	at ai.glog.execute.workers.TriageAndRemediationCallableWorker.call(TriageAndRemediationCallableWorker.java:32)
	at java.base/java.util.concurrent.FutureTask.run(FutureTask.java:317)
	at java.base/java.util.concurrent.ThreadPoolExecutor.runWorker(ThreadPoolExecutor.java:1144)
	at java.base/java.util.concurrent.ThreadPoolExecutor$Worker.run(ThreadPoolExecutor.java:642)
	at java.base/java.lang.Thread.run(Thread.java:1623)

Jan 05, 2026 1:27:43 PM ai.glog.execute.workers.TriageAndRemediationCallableWorker call
SEVERE: No enum constant ai.glog.plugins.bandit.plugin.BugEnum.resources.rules.python.formatted-sql-query
java.lang.IllegalArgumentException: No enum constant ai.glog.plugins.bandit.plugin.BugEnum.resources.rules.python.formatted-sql-query
	at java.base/java.lang.Enum.valueOf(Enum.java:274)
	at ai.glog.plugins.bandit.plugin.BugEnum.valueOf(BugEnum.java:6)
	at ai.glog.execute.workers.TriageAndRemediationCallableWorker.getResolver(TriageAndRemediationCallableWorker.java:97)
	at ai.glog.execute.workers.TriageAndRemediationCallableWorker.call(TriageAndRemediationCallableWorker.java:62)
	at ai.glog.execute.workers.TriageAndRemediationCallableWorker.call(TriageAndRemediationCallableWorker.java:32)
	at java.base/java.util.concurrent.FutureTask.run(FutureTask.java:317)
	at java.base/java.util.concurrent.ThreadPoolExecutor.runWorker(ThreadPoolExecutor.java:1144)
	at java.base/java.util.concurrent.ThreadPoolExecutor$Worker.run(ThreadPoolExecutor.java:642)
	at java.base/java.lang.Thread.run(Thread.java:1623)

Jan 05, 2026 1:27:43 PM ai.glog.execute.workers.TriageAndRemediationCallableWorker call
SEVERE: No enum constant ai.glog.plugins.bandit.plugin.BugEnum.python.sqlalchemy.security.sqlalchemy-execute-raw-query.sqlalchemy-execute-raw-query
java.lang.IllegalArgumentException: No enum constant ai.glog.plugins.bandit.plugin.BugEnum.python.sqlalchemy.security.sqlalchemy-execute-raw-query.sqlalchemy-execute-raw-query
	at java.base/java.lang.Enum.valueOf(Enum.java:274)
	at ai.glog.plugins.bandit.plugin.BugEnum.valueOf(BugEnum.java:6)
	at ai.glog.execute.workers.TriageAndRemediationCallableWorker.getResolver(TriageAndRemediationCallableWorker.java:97)
	at ai.glog.execute.workers.TriageAndRemediationCallableWorker.call(TriageAndRemediationCallableWorker.java:62)
	at ai.glog.execute.workers.TriageAndRemediationCallableWorker.call(TriageAndRemediationCallableWorker.java:32)
	at java.base/java.util.concurrent.FutureTask.run(FutureTask.java:317)
	at java.base/java.util.concurrent.ThreadPoolExecutor.runWorker(ThreadPoolExecutor.java:1144)
	at java.base/java.util.concurrent.ThreadPoolExecutor$Worker.run(ThreadPoolExecutor.java:642)
	at java.base/java.lang.Thread.run(Thread.java:1623)

